=/pretest.json
{
  _: [],
  f: [
    '/home/runner/work/exp-intensity-modulation-laser-output-optical-fiber-iitr/exp-intensity-modulation-laser-output-optical-fiber-iitr/experiment/pretest.json'
  ],
  files: [
    '/home/runner/work/exp-intensity-modulation-laser-output-optical-fiber-iitr/exp-intensity-modulation-laser-output-optical-fiber-iitr/experiment/pretest.json'
  ],
  c: 'assessment',
  contentTypes: 'assessment',
  'content-types': 'assessment',
  '$0': 'validate'
}
/questions/0: must have required property 'difficulty'

/questions/1: must have required property 'difficulty'

/questions/2: must have required property 'difficulty'

/questions/3: must have required property 'difficulty'

/questions/4: must have required property 'difficulty'

Json Error: must match "then" schema
Json Error: must match "then" schema
Failed while validating /home/runner/work/exp-intensity-modulation-laser-output-optical-fiber-iitr/exp-intensity-modulation-laser-output-optical-fiber-iitr/experiment/pretest.json
Error: Schema is Invalid
=/posttest.json
{
  _: [],
  f: [
    '/home/runner/work/exp-intensity-modulation-laser-output-optical-fiber-iitr/exp-intensity-modulation-laser-output-optical-fiber-iitr/experiment/posttest.json'
  ],
  files: [
    '/home/runner/work/exp-intensity-modulation-laser-output-optical-fiber-iitr/exp-intensity-modulation-laser-output-optical-fiber-iitr/experiment/posttest.json'
  ],
  c: 'assessment',
  contentTypes: 'assessment',
  'content-types': 'assessment',
  '$0': 'validate'
}
/questions/0: must have required property 'difficulty'

/questions/1: must have required property 'difficulty'

/questions/2: must have required property 'difficulty'

/questions/3: must have required property 'difficulty'

/questions/4: must have required property 'difficulty'

Json Error: must match "then" schema
Json Error: must match "then" schema
Failed while validating /home/runner/work/exp-intensity-modulation-laser-output-optical-fiber-iitr/exp-intensity-modulation-laser-output-optical-fiber-iitr/experiment/posttest.json
Error: Schema is Invalid
