
/home/runner/work/exp-intensity-modulation-laser-output-optical-fiber-iitr/exp-intensity-modulation-laser-output-optical-fiber-iitr/experiment/simulation/js/exp4.js
    9:5   warning  'vmaxs' is defined but never used        no-unused-vars
   15:10  warning  'posiy2chnge' is defined but never used  no-unused-vars
   25:10  warning  'posix2chnge' is defined but never used  no-unused-vars
   28:9   warning  'drawsine' is not defined                no-undef
   37:10  warning  'ampfng' is defined but never used       no-unused-vars
   40:9   warning  'drawsine' is not defined                no-undef
   47:9   warning  'bthdhlfrc' is not defined               no-undef
   50:8   warning  'grndhlfrc' is not defined               no-undef
   54:10  warning  'freqfng' is defined but never used      no-unused-vars
   57:9   warning  'drawsine' is not defined                no-undef
   63:9   warning  'bthdhlfrc' is not defined               no-undef
   66:8   warning  'grndhlfrc' is not defined               no-undef
   75:9   warning  'Swal' is not defined                    no-undef
   89:5   warning  'canvas' is not defined                  no-undef
   90:17  warning  'canvas' is not defined                  no-undef
   90:28  warning  'canvas' is not defined                  no-undef
   92:5   warning  'ctx' is not defined                     no-undef
   92:11  warning  'canvas' is not defined                  no-undef
   94:5   warning  'ctx' is not defined                     no-undef
   95:5   warning  'ctx' is not defined                     no-undef
   95:24  warning  'canvas' is not defined                  no-undef
   95:38  warning  'canvas' is not defined                  no-undef
  100:5   warning  'drawGrid' is not defined                no-undef
  100:14  warning  'ctx' is not defined                     no-undef
  101:5   warning  'drawAxis' is not defined                no-undef
  130:9   warning  'i' is already defined                   no-redeclare
  137:5   warning  'ctx' is not defined                     no-undef
  138:5   warning  'ctx' is not defined                     no-undef
  139:5   warning  'ctx' is not defined                     no-undef
  149:13  warning  'ctx' is not defined                     no-undef
  151:13  warning  'ctx' is not defined                     no-undef
  155:5   warning  'ctx' is not defined                     no-undef

/home/runner/work/exp-intensity-modulation-laser-output-optical-fiber-iitr/exp-intensity-modulation-laser-output-optical-fiber-iitr/experiment/simulation/js/exp4axis.js
    5:5   warning  'vmaxs' is assigned a value but never used           no-unused-vars
    9:10  warning  'mainswt' is defined but never used                  no-unused-vars
   35:12  warning  'i' is not defined                                   no-undef
   35:31  warning  'i' is not defined                                   no-undef
   36:3   warning  'i' is not defined                                   no-undef
   37:3   warning  'count' is not defined                               no-undef
   37:11  warning  'l1' is not defined                                  no-undef
   37:19  warning  'l2' is not defined                                  no-undef
   49:10  warning  'amp1pdiv' is defined but never used                 no-unused-vars
   55:9   warning  'drawsine' is not defined                            no-undef
   58:9   warning  'drawhlfrectifier' is not defined                    no-undef
   62:9   warning  'bthdhlfrc' is not defined                           no-undef
   65:8   warning  'grndhlfrc' is not defined                           no-undef
   69:10  warning  'timepdiv' is defined but never used                 no-unused-vars
   74:9   warning  'drawsine' is not defined                            no-undef
   77:9   warning  'drawhlfrectifier' is not defined                    no-undef
   80:9   warning  'bthdhlfrc' is not defined                           no-undef
   83:8   warning  'grndhlfrc' is not defined                           no-undef
   96:4   warning  'voltperdiv1' is not defined                         no-undef
   97:4   warning  'vmaxs1' is not defined                              no-undef
   97:24  warning  'voltperdiv1' is not defined                         no-undef
   98:3   warning  'voltperdiv2' is not defined                         no-undef
   99:3   warning  'vmaxs2' is not defined                              no-undef
   99:23  warning  'voltperdiv2' is not defined                         no-undef
  109:47  warning  'vmaxs1' is not defined                              no-undef
  112:47  warning  'vmaxs2' is not defined                              no-undef
  115:47  warning  'vmaxs1' is not defined                              no-undef
  116:47  warning  'vmaxs2' is not defined                              no-undef
  147:5   warning  'axismargin' is assigned a value but never used      no-unused-vars
  154:9   warning  'numofvrtcltick' is assigned a value but never used  no-unused-vars
  159:9   warning  'axislinewidth' is assigned a value but never used   no-unused-vars
  160:9   warning  'axiscolor' is assigned a value but never used       no-unused-vars
  229:10  warning  'chnlo' is defined but never used                    no-unused-vars
  231:1   warning  'drawsine' is not defined                            no-undef
  234:10  warning  'chnlt' is defined but never used                    no-unused-vars
  235:2   warning  'drawhlfrectifier' is not defined                    no-undef
  238:10  warning  'bthd' is defined but never used                     no-unused-vars
  239:5   warning  'bthdhlfrc' is not defined                           no-undef
  242:12  warning  'grnds' is defined but never used                    no-unused-vars
  243:5   warning  'grndhlfrc' is not defined                           no-undef

/home/runner/work/exp-intensity-modulation-laser-output-optical-fiber-iitr/exp-intensity-modulation-laser-output-optical-fiber-iitr/experiment/simulation/js/exp4both.js
   10:5   warning  'vmaxs' is defined but never used            no-unused-vars
   13:10  warning  'posiy1chnge' is defined but never used      no-unused-vars
   16:9   warning  'drawsine' is not defined                    no-undef
   22:9   warning  'grndhlfrc' is not defined                   no-undef
   26:10  warning  'posiy2chnge' is defined but never used      no-unused-vars
   30:8   warning  'drawhlfrectifier' is not defined            no-undef
   36:8   warning  'grndhlfrc' is not defined                   no-undef
   41:10  warning  'posix2chnge' is defined but never used      no-unused-vars
   44:9   warning  'drawsine' is not defined                    no-undef
   47:11  warning  'drawhlfrectifier' is not defined            no-undef
   47:30  warning  Unnecessary semicolon                        no-extra-semi
   53:9   warning  'grndhlfrc' is not defined                   no-undef
   57:10  warning  'ampfng' is defined but never used           no-unused-vars
   60:9   warning  'drawsine' is not defined                    no-undef
   63:11  warning  'drawhlfrectifier' is not defined            no-undef
   63:30  warning  Unnecessary semicolon                        no-extra-semi
   70:9   warning  'grndhlfrc' is not defined                   no-undef
   74:10  warning  'freqfng' is defined but never used          no-unused-vars
   77:9   warning  'drawsine' is not defined                    no-undef
   80:11  warning  'drawhlfrectifier' is not defined            no-undef
   80:30  warning  Unnecessary semicolon                        no-extra-semi
   87:9   warning  'grndhlfrc' is not defined                   no-undef
   95:9   warning  'Swal' is not defined                        no-undef
  110:5   warning  'canvas' is not defined                      no-undef
  111:17  warning  'canvas' is not defined                      no-undef
  111:28  warning  'canvas' is not defined                      no-undef
  113:5   warning  'ctx' is not defined                         no-undef
  113:11  warning  'canvas' is not defined                      no-undef
  115:5   warning  'ctx' is not defined                         no-undef
  116:5   warning  'ctx' is not defined                         no-undef
  116:24  warning  'canvas' is not defined                      no-undef
  116:38  warning  'canvas' is not defined                      no-undef
  117:5   warning  'drawGrid' is not defined                    no-undef
  117:14  warning  'ctx' is not defined                         no-undef
  118:5   warning  'drawAxis' is not defined                    no-undef
  147:9   warning  'i' is already defined                       no-redeclare
  154:5   warning  'ctx' is not defined                         no-undef
  155:5   warning  'ctx' is not defined                         no-undef
  156:5   warning  'ctx' is not defined                         no-undef
  166:13  warning  'ctx' is not defined                         no-undef
  168:13  warning  'ctx' is not defined                         no-undef
  171:5   warning  'ctx' is not defined                         no-undef
  180:5   warning  'tstop1' is assigned a value but never used  no-unused-vars
  189:9   warning  'j' is already defined                       no-redeclare
  189:12  warning  'x0' is already defined                      no-redeclare
  189:16  warning  'y0' is already defined                      no-redeclare
  189:20  warning  'xscale' is already defined                  no-redeclare
  189:28  warning  'yscale' is already defined                  no-redeclare
  196:5   warning  'ctx' is not defined                         no-undef
  197:5   warning  'ctx' is not defined                         no-undef
  198:5   warning  'ctx' is not defined                         no-undef
  208:13  warning  'ctx' is not defined                         no-undef
  210:13  warning  'ctx' is not defined                         no-undef
  213:5   warning  'ctx' is not defined                         no-undef

/home/runner/work/exp-intensity-modulation-laser-output-optical-fiber-iitr/exp-intensity-modulation-laser-output-optical-fiber-iitr/experiment/simulation/js/exp4gnd.js
    8:5   warning  'vmaxs' is defined but never used            no-unused-vars
   11:10  warning  'posiy1chnge' is defined but never used      no-unused-vars
   14:9   warning  'drawsine' is not defined                    no-undef
   17:7   warning  'bthdhlfrc' is not defined                   no-undef
   24:10  warning  'posiy2chnge' is defined but never used      no-unused-vars
   28:8   warning  'drawhlfrectifier' is not defined            no-undef
   31:9   warning  'bthdhlfrc' is not defined                   no-undef
   39:10  warning  'posix2chnge' is defined but never used      no-unused-vars
   42:9   warning  'drawsine' is not defined                    no-undef
   45:11  warning  'drawhlfrectifier' is not defined            no-undef
   45:30  warning  Unnecessary semicolon                        no-extra-semi
   48:8   warning  'bthdhlfrc' is not defined                   no-undef
   55:10  warning  'ampfng' is defined but never used           no-unused-vars
   58:9   warning  'drawsine' is not defined                    no-undef
   61:11  warning  'drawhlfrectifier' is not defined            no-undef
   61:30  warning  Unnecessary semicolon                        no-extra-semi
   65:9   warning  'bthdhlfrc' is not defined                   no-undef
   72:10  warning  'freqfng' is defined but never used          no-unused-vars
   75:9   warning  'drawsine' is not defined                    no-undef
   78:11  warning  'drawhlfrectifier' is not defined            no-undef
   78:30  warning  Unnecessary semicolon                        no-extra-semi
   82:9   warning  'bthdhlfrc' is not defined                   no-undef
   93:9   warning  'Swal' is not defined                        no-undef
  107:5   warning  'canvas' is not defined                      no-undef
  108:17  warning  'canvas' is not defined                      no-undef
  108:28  warning  'canvas' is not defined                      no-undef
  110:5   warning  'ctx' is not defined                         no-undef
  110:11  warning  'canvas' is not defined                      no-undef
  112:5   warning  'ctx' is not defined                         no-undef
  113:5   warning  'ctx' is not defined                         no-undef
  113:24  warning  'canvas' is not defined                      no-undef
  113:38  warning  'canvas' is not defined                      no-undef
  114:5   warning  'drawGrid' is not defined                    no-undef
  114:14  warning  'ctx' is not defined                         no-undef
  115:5   warning  'drawAxis' is not defined                    no-undef
  144:9   warning  'i' is already defined                       no-redeclare
  151:5   warning  'ctx' is not defined                         no-undef
  152:5   warning  'ctx' is not defined                         no-undef
  153:5   warning  'ctx' is not defined                         no-undef
  163:13  warning  'ctx' is not defined                         no-undef
  165:13  warning  'ctx' is not defined                         no-undef
  168:5   warning  'ctx' is not defined                         no-undef
  177:5   warning  'tstop1' is assigned a value but never used  no-unused-vars
  186:9   warning  'j' is already defined                       no-redeclare
  186:12  warning  'x0' is already defined                      no-redeclare
  186:16  warning  'y0' is already defined                      no-redeclare
  186:20  warning  'xscale' is already defined                  no-redeclare
  186:28  warning  'yscale' is already defined                  no-redeclare
  193:5   warning  'ctx' is not defined                         no-undef
  194:5   warning  'ctx' is not defined                         no-undef
  195:5   warning  'ctx' is not defined                         no-undef
  205:13  warning  'ctx' is not defined                         no-undef
  207:13  warning  'ctx' is not defined                         no-undef
  210:5   warning  'ctx' is not defined                         no-undef

/home/runner/work/exp-intensity-modulation-laser-output-optical-fiber-iitr/exp-intensity-modulation-laser-output-optical-fiber-iitr/experiment/simulation/js/exp4knobs.js
    3:5   warning  'vmaxs' is defined but never used  no-unused-vars
    4:5   warning  'tmaxs' is defined but never used  no-unused-vars
    5:1   warning  '$' is not defined                 no-undef
    8:5   warning  '$' is not defined                 no-undef
   20:29  warning  'v' is defined but never used      no-unused-vars
   21:17  warning  'flag' is not defined              no-undef
   22:17  warning  'drawsine' is not defined          no-undef
   24:17  warning  'flag' is not defined              no-undef
   25:18  warning  'drawhlfrectifier' is not defined  no-undef
   27:10  warning  'flag' is not defined              no-undef
   28:9   warning  'bthdhlfrc' is not defined         no-undef
   30:8   warning  'flag' is not defined              no-undef
   31:8   warning  'grndhlfrc' is not defined         no-undef
   36:5   warning  '$' is not defined                 no-undef
   48:29  warning  'v' is defined but never used      no-unused-vars
   49:17  warning  'flag' is not defined              no-undef
   50:17  warning  'drawsine' is not defined          no-undef
   52:16  warning  'flag' is not defined              no-undef
   53:9   warning  'bthdhlfrc' is not defined         no-undef
   55:8   warning  'flag' is not defined              no-undef
   56:8   warning  'grndhlfrc' is not defined         no-undef
   61:5   warning  '$' is not defined                 no-undef
   73:29  warning  'v' is defined but never used      no-unused-vars
   75:17  warning  'flag' is not defined              no-undef
   76:18  warning  'drawhlfrectifier' is not defined  no-undef
   79:15  warning  'flag' is not defined              no-undef
   80:9   warning  'bthdhlfrc' is not defined         no-undef
   82:8   warning  'flag' is not defined              no-undef
   83:8   warning  'grndhlfrc' is not defined         no-undef
   89:5   warning  '$' is not defined                 no-undef
  102:29  warning  'v' is defined but never used      no-unused-vars
  103:17  warning  'flag' is not defined              no-undef
  104:17  warning  'drawsine' is not defined          no-undef
  106:17  warning  'flag' is not defined              no-undef
  107:19  warning  'drawhlfrectifier' is not defined  no-undef
  110:14  warning  'flag' is not defined              no-undef
  111:9   warning  'bthdhlfrc' is not defined         no-undef
  113:8   warning  'flag' is not defined              no-undef
  114:8   warning  'grndhlfrc' is not defined         no-undef
  120:5   warning  '$' is not defined                 no-undef
  133:29  warning  'v' is defined but never used      no-unused-vars
  134:17  warning  'flag' is not defined              no-undef
  135:17  warning  'drawsine' is not defined          no-undef
  137:17  warning  'flag' is not defined              no-undef
  138:19  warning  'drawhlfrectifier' is not defined  no-undef
  140:15  warning  'flag' is not defined              no-undef
  141:9   warning  'bthdhlfrc' is not defined         no-undef
  143:8   warning  'flag' is not defined              no-undef
  144:8   warning  'grndhlfrc' is not defined         no-undef

/home/runner/work/exp-intensity-modulation-laser-output-optical-fiber-iitr/exp-intensity-modulation-laser-output-optical-fiber-iitr/experiment/simulation/js/exp4peak.js
   4:10  warning  'reschange' is defined but never used    no-unused-vars
   8:11  warning  'peakcurrent' is defined but never used  no-unused-vars
  18:1   warning  '$' is not defined                       no-undef
  19:5   warning  '$' is not defined                       no-undef
  20:9   warning  '$' is not defined                       no-undef
  21:24  warning  '$' is not defined                       no-undef

/home/runner/work/exp-intensity-modulation-laser-output-optical-fiber-iitr/exp-intensity-modulation-laser-output-optical-fiber-iitr/experiment/simulation/js/jquery.knob.min.js
    2:41  warning  'define' is not defined                   no-undef
    3:9   warning  'define' is not defined                   no-undef
    5:11  warning  'jQuery' is not defined                   no-undef
   94:17  warning  'G_vmlCanvasManager' is not defined       no-undef
  181:44  warning  'e' is defined but never used             no-unused-vars
  232:32  warning  'this.$c[0].width' is assigned to itself  no-self-assign
  244:33  warning  'e' is defined but never used             no-unused-vars
  246:30  warning  'e' is defined but never used             no-unused-vars
  248:33  warning  'e' is defined but never used             no-unused-vars
  248:36  warning  't' is defined but never used             no-unused-vars
  348:40  warning  'e' is defined but never used             no-unused-vars
  380:17  warning  'e' is assigned a value but never used    no-unused-vars

/home/runner/work/exp-intensity-modulation-laser-output-optical-fiber-iitr/exp-intensity-modulation-laser-output-optical-fiber-iitr/experiment/simulation/js/jsplumb.js
     68:9   warning  'root' is assigned a value but never used                                  no-unused-vars
    130:18  warning  'i' is already defined                                                     no-redeclare
    184:18  warning  'i' is already defined                                                     no-redeclare
    242:22  warning  'j' is already defined                                                     no-redeclare
    264:56  warning  't' is defined but never used                                              no-unused-vars
    279:26  warning  'j' is already defined                                                     no-redeclare
    590:9   warning  'exports' is not defined                                                   no-undef
    624:1   warning  Unnecessary semicolon                                                      no-extra-semi
    634:9   warning  'exports' is not defined                                                   no-undef
    669:9   warning  '_normal' is assigned a value but never used                               no-unused-vars
    680:9   warning  '_lineLength' is assigned a value but never used                           no-unused-vars
    714:9   warning  '_theta' is assigned a value but never used                                no-unused-vars
    733:9   warning  '_intersects' is assigned a value but never used                           no-unused-vars
    755:9   warning  '_encloses' is assigned a value but never used                             no-unused-vars
    772:9   warning  '_pointOnLine' is assigned a value but never used                          no-unused-vars
    789:9   warning  '_perpendicularLineTo' is assigned a value but never used                  no-unused-vars
    797:1   warning  Unnecessary semicolon                                                      no-extra-semi
    854:28  warning  'view' is defined but never used                                           no-unused-vars
    854:34  warning  'target' is defined but never used                                         no-unused-vars
    854:42  warning  'pageX' is defined but never used                                          no-unused-vars
    854:49  warning  'pageY' is defined but never used                                          no-unused-vars
    854:56  warning  'screenX' is defined but never used                                        no-unused-vars
    854:65  warning  'screenY' is defined but never used                                        no-unused-vars
    854:74  warning  'clientX' is defined but never used                                        no-unused-vars
    854:83  warning  'clientY' is defined but never used                                        no-unused-vars
   1048:58  warning  Do not access Object.prototype method 'hasOwnProperty' from target object  no-prototype-builtins
   1090:39  warning  Do not access Object.prototype method 'hasOwnProperty' from target object  no-prototype-builtins
   1140:9   warning  'touchstart' is assigned a value but never used                            no-unused-vars
   1140:36  warning  'touchend' is assigned a value but never used                              no-unused-vars
   1140:59  warning  'touchmove' is assigned a value but never used                             no-unused-vars
   1145:54  warning  Unnecessary escape character: \.                                           no-useless-escape
   1231:73  warning  Invalid typeof comparison value                                            valid-typeof
   1294:38  warning  Do not access Object.prototype method 'hasOwnProperty' from target object  no-prototype-builtins
   1296:51  warning  Do not access Object.prototype method 'hasOwnProperty' from target object  no-prototype-builtins
   1318:29  warning  'el' is defined but never used                                             no-unused-vars
   1318:33  warning  'event' is defined but never used                                          no-unused-vars
   1318:40  warning  'children' is defined but never used                                       no-unused-vars
   1318:50  warning  'fn' is defined but never used                                             no-unused-vars
   1465:9   warning  'exports' is not defined                                                   no-undef
   1498:1   warning  Unnecessary semicolon                                                      no-extra-semi
   1612:54  warning  Unnecessary escape character: \.                                           no-useless-escape
   1736:42  warning  'scope' is defined but never used                                          no-unused-vars
   1744:13  warning  'scroll' is assigned a value but never used                                no-unused-vars
   1894:13  warning  '_addFilter' is assigned a value but never used                            no-unused-vars
   1895:13  warning  '_removeFilter' is assigned a value but never used                         no-unused-vars
   2110:31  warning  Empty block statement                                                      no-empty
   2299:42  warning  'scope' is defined but never used                                          no-unused-vars
   2319:56  warning  'drag' is defined but never used                                           no-unused-vars
   2407:13  warning  '_getMatchingDroppables' is assigned a value but never used                no-unused-vars
   2451:18  warning  'i' is already defined                                                     no-redeclare
   2773:40  warning  'spec' is defined but never used                                           no-unused-vars
   2796:38  warning  'spec' is defined but never used                                           no-unused-vars
   2881:9   warning  'exports' is not defined                                                   no-undef
   2893:42  warning  'exports' is not defined                                                   no-undef
   2942:19  warning  Do not access Object.prototype method 'hasOwnProperty' from target object  no-prototype-builtins
   3038:26  warning  Unnecessary escape character: \.                                           no-useless-escape
   3039:40  warning  Unnecessary escape character: \[                                           no-useless-escape
   3249:36  warning  '_protoFn' is defined but never used                                       no-unused-vars
   3257:45  warning  Do not access Object.prototype method 'hasOwnProperty' from target object  no-prototype-builtins
   3257:83  warning  Do not access Object.prototype method 'hasOwnProperty' from target object  no-prototype-builtins
   3270:41  warning  Do not access Object.prototype method 'hasOwnProperty' from target object  no-prototype-builtins
   3270:79  warning  Do not access Object.prototype method 'hasOwnProperty' from target object  no-prototype-builtins
   3333:42  warning  Empty block statement                                                      no-empty
   3415:23  warning  Empty block statement                                                      no-empty
   3584:2   warning  Unnecessary semicolon                                                      no-extra-semi
   3639:1   warning  Unnecessary semicolon                                                      no-extra-semi
   3642:44  warning  'ep' is defined but never used                                             no-unused-vars
   3642:48  warning  'conn' is defined but never used                                           no-unused-vars
   3772:38  warning  'e' is defined but never used                                              no-unused-vars
   3877:1   warning  Unnecessary semicolon                                                      no-extra-semi
   3909:9   warning  'eventFilters' is assigned a value but never used                          no-unused-vars
   3928:9   warning  '_each' is assigned a value but never used                                 no-unused-vars
   4601:29  warning  'o' is assigned a value but never used                                     no-unused-vars
   4923:13  warning  '_setDraggable' is assigned a value but never used                         no-unused-vars
   5147:56  warning  'args' is defined but never used                                           no-unused-vars
   5195:60  warning  'cEl' is assigned a value but never used                                   no-unused-vars
   5826:13  warning  '_unmanage' is assigned a value but never used                             no-unused-vars
   5922:68  warning  'jsPlumbInstance' is assigned a value but never used                       no-unused-vars
   6492:39  warning  'scope' is defined but never used                                          no-unused-vars
   7179:9   warning  'exports' is not defined                                                   no-undef
   7194:1   warning  Unnecessary semicolon                                                      no-extra-semi
   7312:36  warning  'ignoreAttachedElements' is defined but never used                         no-unused-vars
   7504:1   warning  Unnecessary semicolon                                                      no-extra-semi
   7749:41  warning  'doNotRepaint' is defined but never used                                   no-unused-vars
   7754:50  warning  'doNotRepaint' is defined but never used                                   no-unused-vars
   7819:53  warning  'fireEvent' is defined but never used                                      no-unused-vars
   7819:64  warning  'originalEvent' is defined but never used                                  no-unused-vars
   7933:52  warning  Do not access Object.prototype method 'hasOwnProperty' from target object  no-prototype-builtins
   7979:39  warning  'startParams' is defined but never used                                    no-unused-vars
   8556:17  warning  'elId' is assigned a value but never used                                  no-unused-vars
   8793:1   warning  Unnecessary semicolon                                                      no-extra-semi
   9312:52  warning  Do not access Object.prototype method 'hasOwnProperty' from target object  no-prototype-builtins
   9337:52  warning  Do not access Object.prototype method 'hasOwnProperty' from target object  no-prototype-builtins
   9349:21  warning  'jsPlumb' is not defined                                                   no-undef
   9449:1   warning  Unnecessary semicolon                                                      no-extra-semi
  10157:27  warning  'Biltong' is not defined                                                   no-undef
  10509:23  warning  'jsPlumbUtil' is not defined                                               no-undef
  10742:1   warning  Unnecessary semicolon                                                      no-extra-semi
  10772:53  warning  'x' is defined but never used                                              no-unused-vars
  10772:56  warning  'y' is defined but never used                                              no-unused-vars
  10799:46  warning  'x1' is defined but never used                                             no-unused-vars
  10799:50  warning  'y1' is defined but never used                                             no-unused-vars
  10799:54  warning  'x2' is defined but never used                                             no-unused-vars
  10799:58  warning  'y2' is defined but never used                                             no-unused-vars
  10832:17  warning  '_super' is assigned a value but never used                                no-unused-vars
  10890:46  warning  '_' is defined but never used                                              no-unused-vars
  11092:17  warning  '_super' is assigned a value but never used                                no-unused-vars
  11324:17  warning  '_super' is assigned a value but never used                                no-unused-vars
  11683:13  warning  'dumpSegmentsToConsole' is assigned a value but never used                 no-unused-vars
  11739:48  warning  'anchorPoint' is defined but never used                                    no-unused-vars
  11739:61  warning  'orientation' is defined but never used                                    no-unused-vars
  11739:74  warning  'endpointStyle' is defined but never used                                  no-unused-vars
  11739:89  warning  'connectorPaintStyle' is defined but never used                            no-unused-vars
  11772:13  warning  '_super' is assigned a value but never used                                no-unused-vars
  11778:76  warning  'connectorPaintStyle' is defined but never used                            no-unused-vars
  11799:13  warning  '_super' is assigned a value but never used                                no-unused-vars
  11804:76  warning  'connectorPaintStyle' is defined but never used                            no-unused-vars
  11815:40  warning  'params' is defined but never used                                         no-unused-vars
  11893:48  warning  'orientation' is defined but never used                                    no-unused-vars
  11893:61  warning  'endpointStyle' is defined but never used                                  no-unused-vars
  11893:76  warning  'connectorPaintStyle' is defined but never used                            no-unused-vars
  11919:40  warning  'd' is defined but never used                                              no-unused-vars
  11919:43  warning  'style' is defined but never used                                          no-unused-vars
  11919:50  warning  'anchor' is defined but never used                                         no-unused-vars
  11962:13  warning  '_super' is assigned a value but never used                                no-unused-vars
  11965:48  warning  'orientation' is defined but never used                                    no-unused-vars
  11965:61  warning  'endpointStyle' is defined but never used                                  no-unused-vars
  11965:76  warning  'connectorPaintStyle' is defined but never used                            no-unused-vars
  11981:32  warning  'style' is defined but never used                                          no-unused-vars
  11981:39  warning  'anchor' is defined but never used                                         no-unused-vars
  12014:76  warning  'connectorPaintStyle' is defined but never used                            no-unused-vars
  12043:27  warning  'instance' is defined but never used                                       no-unused-vars
  12043:37  warning  'component' is defined but never used                                      no-unused-vars
  12112:43  warning  'component' is defined but never used                                      no-unused-vars
  12276:17  warning  'jsPlumb' is not defined                                                   no-undef
  12383:37  warning  'component' is defined but never used                                      no-unused-vars
  12393:29  warning  'containerExtents' is defined but never used                               no-unused-vars
  12421:37  warning  'params' is defined but never used                                         no-unused-vars
  12434:42  warning  'currentConnectionPaintStyle' is defined but never used                    no-unused-vars
  12478:13  warning  'labelWidth' is assigned a value but never used                            no-unused-vars
  12478:32  warning  'labelHeight' is assigned a value but never used                           no-unused-vars
  12478:52  warning  'labelText' is assigned a value but never used                             no-unused-vars
  12478:70  warning  'labelPadding' is assigned a value but never used                          no-unused-vars
  12568:1   warning  Unnecessary semicolon                                                      no-extra-semi
  12623:32  warning  'g' is assigned a value but never used                                     no-unused-vars
  12623:42  warning  'child' is assigned a value but never used                                 no-unused-vars
  13026:35  warning  'conn' is defined but never used                                           no-unused-vars
  13026:41  warning  'endpointIndex' is defined but never used                                  no-unused-vars
  13030:37  warning  'conn' is defined but never used                                           no-unused-vars
  13030:43  warning  'endpointIndex' is defined but never used                                  no-unused-vars
  13043:56  warning  'jsPlumb' is not defined                                                   no-undef
  13079:38  warning  '_el' is defined but never used                                            no-unused-vars
  13079:43  warning  'targetGroup' is defined but never used                                    no-unused-vars
  13132:29  warning  'jsPlumbUtil' is not defined                                               no-undef
  13481:25  warning  'child' is assigned a value but never used                                 no-unused-vars
  13505:1   warning  Unnecessary semicolon                                                      no-extra-semi
  13521:41  warning  'lastOrientation' is assigned a value but never used                       no-unused-vars
  13525:13  warning  'loopbackRadius' is assigned a value but never used                        no-unused-vars
  13526:13  warning  'isLoopbackCurrently' is assigned a value but never used                   no-unused-vars
  13870:1   warning  Unnecessary semicolon                                                      no-extra-semi
  13879:13  warning  'curviness' is assigned a value but never used                             no-unused-vars
  13881:13  warning  'proximityLimit' is assigned a value but never used                        no-unused-vars
  13884:13  warning  'isLoopbackCurrently' is assigned a value but never used                   no-unused-vars
  14023:1   warning  Unnecessary semicolon                                                      no-extra-semi
  14118:13  warning  'clockwise' is assigned a value but never used                             no-unused-vars
  14218:1   warning  Unnecessary semicolon                                                      no-extra-semi
  14225:30  warning  'params' is defined but never used                                         no-unused-vars
  14229:46  warning  '_' is defined but never used                                              no-unused-vars
  14250:1   warning  Unnecessary semicolon                                                      no-extra-semi
  14655:35  warning  'style' is defined but never used                                          no-unused-vars
  14678:35  warning  'style' is defined but never used                                          no-unused-vars
  14714:13  warning  'self' is assigned a value but never used                                  no-unused-vars
  14875:1   warning  Unnecessary semicolon                                                      no-extra-semi
  15070:39  warning  'jsPlumb' is not defined                                                   no-undef
  15099:29  warning  'jsPlumb' is not defined                                                   no-undef
  15106:38  warning  Do not access Object.prototype method 'hasOwnProperty' from target object  no-prototype-builtins
  15107:39  warning  'jsPlumb' is not defined                                                   no-undef
  15174:40  warning  Do not access Object.prototype method 'hasOwnProperty' from target object  no-prototype-builtins
  15265:22  warning  'jsPlumb' is not defined                                                   no-undef
  15270:24  warning  'jsPlumb' is not defined                                                   no-undef
  15396:26  warning  Do not access Object.prototype method 'hasOwnProperty' from target object  no-prototype-builtins
  15409:13  warning  'jsPlumb' is not defined                                                   no-undef
  15414:18  warning  'jsPlumb' is not defined                                                   no-undef
  15423:13  warning  'jsPlumb' is not defined                                                   no-undef
  15428:17  warning  'jsPlumb' is not defined                                                   no-undef
  15429:17  warning  'jsPlumb' is not defined                                                   no-undef
  15431:17  warning  'jsPlumb' is not defined                                                   no-undef
  15435:13  warning  'jsPlumb' is not defined                                                   no-undef
  15441:17  warning  'jsPlumb' is not defined                                                   no-undef
  15479:18  warning  'jsPlumb' is not defined                                                   no-undef
  15527:22  warning  'jsPlumb' is not defined                                                   no-undef
  15632:20  warning  'jsPlumb' is not defined                                                   no-undef
  15646:13  warning  'jsPlumb' is not defined                                                   no-undef
  15658:18  warning  'jsPlumb' is not defined                                                   no-undef
  15661:25  warning  'jsPlumb' is not defined                                                   no-undef
  15663:35  warning  'jsPlumb' is not defined                                                   no-undef
  15664:30  warning  'jsPlumb' is not defined                                                   no-undef
  15665:45  warning  'jsPlumb' is not defined                                                   no-undef
  15666:45  warning  'jsPlumb' is not defined                                                   no-undef
  15667:46  warning  'jsPlumb' is not defined                                                   no-undef
  15783:36  warning  'el' is defined but never used                                             no-unused-vars
  15783:40  warning  'options' is defined but never used                                        no-unused-vars
  15786:36  warning  'el' is defined but never used                                             no-unused-vars
  15786:40  warning  'options' is defined but never used                                        no-unused-vars
  15802:45  warning  'zoom' is defined but never used                                           no-unused-vars
  15842:33  warning  'spec' is defined but never used                                           no-unused-vars
  15851:31  warning  'spec' is defined but never used                                           no-unused-vars
  15860:38  warning  'posseId' is defined but never used                                        no-unused-vars
  15919:23  warning  'el' is defined but never used                                             no-unused-vars
  15919:27  warning  'event' is defined but never used                                          no-unused-vars
  15919:34  warning  'callback' is defined but never used                                       no-unused-vars
  15928:24  warning  'el' is defined but never used                                             no-unused-vars
  15928:28  warning  'event' is defined but never used                                          no-unused-vars
  15928:35  warning  'callback' is defined but never used                                       no-unused-vars

/home/runner/work/exp-intensity-modulation-laser-output-optical-fiber-iitr/exp-intensity-modulation-laser-output-optical-fiber-iitr/experiment/simulation/js/main.js
    2:1   warning  Unnecessary semicolon                      no-extra-semi
   10:12  warning  'connections' is not defined               no-undef
   12:13  warning  'Swal' is not defined                      no-undef
   26:10  warning  'connections' is not defined               no-undef
   28:9   warning  'Swal' is not defined                      no-undef
   42:13  warning  'connections' is not defined               no-undef
   44:34  warning  'connections' is not defined               no-undef
   45:30  warning  'connections' is not defined               no-undef
   46:30  warning  'connections' is not defined               no-undef
   51:3   warning  Mixed spaces and tabs                      no-mixed-spaces-and-tabs
   56:3   warning  Mixed spaces and tabs                      no-mixed-spaces-and-tabs
   57:3   warning  Mixed spaces and tabs                      no-mixed-spaces-and-tabs
   61:13  warning  'Swal' is not defined                      no-undef
   73:2   warning  Mixed spaces and tabs                      no-mixed-spaces-and-tabs
   74:2   warning  Mixed spaces and tabs                      no-mixed-spaces-and-tabs
   78:4   warning  'Swal' is not defined                      no-undef
   99:2   warning  Mixed spaces and tabs                      no-mixed-spaces-and-tabs
  102:9   warning  'showConnectionInfo' is not defined        no-undef
  106:9   warning  'hideConnectionInfo' is not defined        no-undef
  107:13  warning  'listDiv' is not defined                   no-undef
  109:9   warning  'connections' is not defined               no-undef
  110:9   warning  'updateConnections' is not defined         no-undef
  111:26  warning  'connections' is not defined               no-undef
  114:37  warning  'connections' is not defined               no-undef
  115:25  warning  'connections' is not defined               no-undef
  120:32  warning  'connections' is not defined               no-undef
  122:17  warning  'connections' is not defined               no-undef
  124:38  warning  'connections' is not defined               no-undef
  125:34  warning  'connections' is not defined               no-undef
  126:34  warning  'connections' is not defined               no-undef
  130:17  warning  'showConnectionInfo' is not defined        no-undef
  132:17  warning  'hideConnectionInfo' is not defined        no-undef
  135:5   warning  'jsPlumb' is not defined                   no-undef
  137:24  warning  'jsPlumb' is not defined                   no-undef
  143:57  warning  'originalEvent' is defined but never used  no-unused-vars
  144:17  warning  'updateConnections' is not defined         no-undef
  146:65  warning  'originalEvent' is defined but never used  no-unused-vars
  147:17  warning  'updateConnections' is not defined         no-undef
  150:62  warning  'originalEvent' is defined but never used  no-unused-vars
  154:17  warning  'updateConnections' is not defined         no-undef
  228:32  warning  'jsPlumb' is not defined                   no-undef
  230:29  warning  'jsPlumb' is not defined                   no-undef
  233:17  warning  'jsPlumbUtil' is not defined               no-undef
  236:29  warning  'jsPlumb' is not defined                   no-undef
  240:17  warning  'jsPlumbUtil' is not defined               no-undef
  243:31  warning  'jsPlumb' is not defined                   no-undef
  246:17  warning  'jsPlumbUtil' is not defined               no-undef
  252:17  warning  'showConnectionInfo' is not defined        no-undef
  253:17  warning  'jsPlumbUtil' is not defined               no-undef
  258:9   warning  'jsPlumb' is not defined                   no-undef

/home/runner/work/exp-intensity-modulation-laser-output-optical-fiber-iitr/exp-intensity-modulation-laser-output-optical-fiber-iitr/experiment/simulation/js/sinewave.js
    9:5   warning  'vmaxs' is defined but never used        no-unused-vars
   14:10  warning  'posiy1chnge' is defined but never used  no-unused-vars
   22:10  warning  'posix2chnge' is defined but never used  no-unused-vars
   28:11  warning  'drawhlfrectifier' is not defined        no-undef
   28:30  warning  Unnecessary semicolon                    no-extra-semi
   33:10  warning  'ampfng' is defined but never used       no-unused-vars
   39:11  warning  'drawhlfrectifier' is not defined        no-undef
   39:30  warning  Unnecessary semicolon                    no-extra-semi
   42:9   warning  'bthdhlfrc' is not defined               no-undef
   45:8   warning  'grndhlfrc' is not defined               no-undef
   50:10  warning  'freqfng' is defined but never used      no-unused-vars
   56:11  warning  'drawhlfrectifier' is not defined        no-undef
   56:30  warning  Unnecessary semicolon                    no-extra-semi
   60:9   warning  'bthdhlfrc' is not defined               no-undef
   63:8   warning  'grndhlfrc' is not defined               no-undef
   71:9   warning  'Swal' is not defined                    no-undef
   85:5   warning  'canvas' is not defined                  no-undef
   86:17  warning  'canvas' is not defined                  no-undef
   86:28  warning  'canvas' is not defined                  no-undef
   88:5   warning  'ctx' is not defined                     no-undef
   88:11  warning  'canvas' is not defined                  no-undef
   90:5   warning  'ctx' is not defined                     no-undef
   91:5   warning  'ctx' is not defined                     no-undef
   91:24  warning  'canvas' is not defined                  no-undef
   91:38  warning  'canvas' is not defined                  no-undef
   93:5   warning  'drawAxis' is not defined                no-undef
   94:2   warning  'drawGrid' is not defined                no-undef
   94:11  warning  'ctx' is not defined                     no-undef
  124:9   warning  'i' is already defined                   no-redeclare
  131:5   warning  'ctx' is not defined                     no-undef
  132:5   warning  'ctx' is not defined                     no-undef
  133:5   warning  'ctx' is not defined                     no-undef
  143:13  warning  'ctx' is not defined                     no-undef
  145:13  warning  'ctx' is not defined                     no-undef
  148:5   warning  'ctx' is not defined                     no-undef

✖ 546 problems (0 errors, 546 warnings)
  0 errors and 28 warnings potentially fixable with the `--fix` option.

